# JRE version: Java(TM) SE Runtime Environment (8.0_151-b12) (build 1.8.0_151-b12)
# Java VM: Java HotSpot(TM) Client VM (25.151-b12 mixed mode windows-x86 )
Heap:
 def new generation   total 32640K, used 11622K [0x07000000, 0x09360000, 0x0c550000)
  eden space 29056K,  36% used [0x07000000, 0x07a38820, 0x08c60000)
  from space 3584K,  32% used [0x08c60000, 0x08d81040, 0x08fe0000)
  to   space 3584K,   0% used [0x08fe0000, 0x08fe0000, 0x09360000)
 tenured generation   total 72408K, used 43442K [0x0c550000, 0x10c06000, 0x17000000)
   the space 72408K,  59% used [0x0c550000, 0x0efbcb88, 0x0efbcc00, 0x10c06000)
 Metaspace       used 5803K, capacity 6000K, committed 6144K, reserved 6528K
GC Heap History (10 events):
Event: 0.438 GC heap before
{Heap before GC invocations=10 (full 2):
 def new generation   total 16128K, used 16083K [0x07000000, 0x08180000, 0x0c550000)
  eden space 14336K, 100% used [0x07000000, 0x07e00000, 0x07e00000)
  from space 1792K,  97% used [0x07fc0000, 0x08174ce0, 0x08180000)
  to   space 1792K,   0% used [0x07e00000, 0x07e00000, 0x07fc0000)
 tenured generation   total 35820K, used 29824K [0x0c550000, 0x0e84b000, 0x17000000)
   the space 35820K,  83% used [0x0c550000, 0x0e2701d0, 0x0e270200, 0x0e84b000)
 Metaspace       used 3795K, capacity 3942K, committed 4032K, reserved 4480K
Event: 0.440 GC heap after
Heap after GC invocations=11 (full 2):
 def new generation   total 16128K, used 1765K [0x07000000, 0x08180000, 0x0c550000)
  eden space 14336K,   0% used [0x07000000, 0x07000000, 0x07e00000)
  from space 1792K,  98% used [0x07e00000, 0x07fb97b8, 0x07fc0000)
  to   space 1792K,   0% used [0x07fc0000, 0x07fc0000, 0x08180000)
 tenured generation   total 35820K, used 32161K [0x0c550000, 0x0e84b000, 0x17000000)
   the space 35820K,  89% used [0x0c550000, 0x0e4b8630, 0x0e4b8800, 0x0e84b000)
 Metaspace       used 3795K, capacity 3942K, committed 4032K, reserved 4480K
}
Event: 0.460 GC heap before
{Heap before GC invocations=11 (full 2):
 def new generation   total 16128K, used 16101K [0x07000000, 0x08180000, 0x0c550000)
  eden space 14336K, 100% used [0x07000000, 0x07e00000, 0x07e00000)
  from space 1792K,  98% used [0x07e00000, 0x07fb97b8, 0x07fc0000)
  to   space 1792K,   0% used [0x07fc0000, 0x07fc0000, 0x08180000)
 tenured generation   total 35820K, used 32161K [0x0c550000, 0x0e84b000, 0x17000000)
   the space 35820K,  89% used [0x0c550000, 0x0e4b8630, 0x0e4b8800, 0x0e84b000)
 Metaspace       used 3795K, capacity 3942K, committed 4032K, reserved 4480K
Event: 0.462 GC heap after
Heap after GC invocations=12 (full 2):
 def new generation   total 16128K, used 1792K [0x07000000, 0x08180000, 0x0c550000)
  eden space 14336K,   0% used [0x07000000, 0x07000000, 0x07e00000)
  from space 1792K, 100% used [0x07fc0000, 0x08180000, 0x08180000)
  to   space 1792K,   0% used [0x07e00000, 0x07e00000, 0x07fc0000)
 tenured generation   total 35820K, used 34460K [0x0c550000, 0x0e84b000, 0x17000000)
   the space 35820K,  96% used [0x0c550000, 0x0e6f7230, 0x0e6f7400, 0x0e84b000)
 Metaspace       used 3795K, capacity 3942K, committed 4032K, reserved 4480K
}
Event: 0.666 GC heap before
{Heap before GC invocations=12 (full 2):
 def new generation   total 16128K, used 16128K [0x07000000, 0x08180000, 0x0c550000)
  eden space 14336K, 100% used [0x07000000, 0x07e00000, 0x07e00000)
  from space 1792K, 100% used [0x07fc0000, 0x08180000, 0x08180000)
  to   space 1792K,   0% used [0x07e00000, 0x07e00000, 0x07fc0000)
 tenured generation   total 35820K, used 34460K [0x0c550000, 0x0e84b000, 0x17000000)
   the space 35820K,  96% used [0x0c550000, 0x0e6f7230, 0x0e6f7400, 0x0e84b000)
 Metaspace       used 5715K, capacity 5904K, committed 6016K, reserved 6528K
Event: 0.687 GC heap after
Heap after GC invocations=13 (full 3):
 def new generation   total 32640K, used 331K [0x07000000, 0x09360000, 0x0c550000)
  eden space 29056K,   1% used [0x07000000, 0x07052de8, 0x08c60000)
  from space 3584K,   0% used [0x08c60000, 0x08c60000, 0x08fe0000)
  to   space 3584K,   0% used [0x08fe0000, 0x08fe0000, 0x09360000)
 tenured generation   total 72408K, used 43442K [0x0c550000, 0x10c06000, 0x17000000)
   the space 72408K,  59% used [0x0c550000, 0x0efbcb88, 0x0efbcc00, 0x10c06000)
 Metaspace       used 5715K, capacity 5904K, committed 6016K, reserved 6528K
}
Event: 1.968 GC heap before
{Heap before GC invocations=13 (full 3):
 def new generation   total 32640K, used 29056K [0x07000000, 0x09360000, 0x0c550000)
  eden space 29056K, 100% used [0x07000000, 0x08c60000, 0x08c60000)
  from space 3584K,   0% used [0x08c60000, 0x08c60000, 0x08fe0000)
  to   space 3584K,   0% used [0x08fe0000, 0x08fe0000, 0x09360000)
 tenured generation   total 72408K, used 43442K [0x0c550000, 0x10c06000, 0x17000000)
   the space 72408K,  59% used [0x0c550000, 0x0efbcb88, 0x0efbcc00, 0x10c06000)
 Metaspace       used 5785K, capacity 5968K, committed 6016K, reserved 6528K
Event: 1.972 GC heap after
Heap after GC invocations=14 (full 3):
 def new generation   total 32640K, used 1099K [0x07000000, 0x09360000, 0x0c550000)
  eden space 29056K,   0% used [0x07000000, 0x07000000, 0x08c60000)
  from space 3584K,  30% used [0x08fe0000, 0x090f2e40, 0x09360000)
  to   space 3584K,   0% used [0x08c60000, 0x08c60000, 0x08fe0000)
 tenured generation   total 72408K, used 43442K [0x0c550000, 0x10c06000, 0x17000000)
   the space 72408K,  59% used [0x0c550000, 0x0efbcb88, 0x0efbcc00, 0x10c06000)
 Metaspace       used 5785K, capacity 5968K, committed 6016K, reserved 6528K
}
Event: 3.755 GC heap before
{Heap before GC invocations=14 (full 3):
 def new generation   total 32640K, used 30155K [0x07000000, 0x09360000, 0x0c550000)
  eden space 29056K, 100% used [0x07000000, 0x08c60000, 0x08c60000)
  from space 3584K,  30% used [0x08fe0000, 0x090f2e40, 0x09360000)
  to   space 3584K,   0% used [0x08c60000, 0x08c60000, 0x08fe0000)
 tenured generation   total 72408K, used 43442K [0x0c550000, 0x10c06000, 0x17000000)
   the space 72408K,  59% used [0x0c550000, 0x0efbcb88, 0x0efbcc00, 0x10c06000)
 Metaspace       used 5801K, capacity 5968K, committed 6016K, reserved 6528K
Event: 3.756 GC heap after
Heap after GC invocations=15 (full 3):
 def new generation   total 32640K, used 1156K [0x07000000, 0x09360000, 0x0c550000)
  eden space 29056K,   0% used [0x07000000, 0x07000000, 0x08c60000)
  from space 3584K,  32% used [0x08c60000, 0x08d81040, 0x08fe0000)
  to   space 3584K,   0% used [0x08fe0000, 0x08fe0000, 0x09360000)
 tenured generation   total 72408K, used 43442K [0x0c550000, 0x10c06000, 0x17000000)
   the space 72408K,  59% used [0x0c550000, 0x0efbcb88, 0x0efbcc00, 0x10c06000)
 Metaspace       used 5801K, capacity 5968K, committed 6016K, reserved 6528K
}

