# JRE version: Java(TM) SE Runtime Environment (8.0_171-b11) (build 1.8.0_171-b11)
# Java VM: Java HotSpot(TM) 64-Bit Server VM (25.171-b11 mixed mode windows-amd64 compressed oops)
Heap:
 PSYoungGen      total 139264K, used 59204K [0x000000076b180000, 0x0000000776400000, 0x00000007c0000000)
  eden space 102912K, 56% used [0x000000076b180000,0x000000076ea15928,0x0000000771600000)
  from space 36352K, 3% used [0x0000000774080000,0x00000007741bb830,0x0000000776400000)
  to   space 39936K, 0% used [0x0000000771600000,0x0000000771600000,0x0000000773d00000)
 ParOldGen       total 175104K, used 91771K [0x00000006c1400000, 0x00000006cbf00000, 0x000000076b180000)
  object space 175104K, 52% used [0x00000006c1400000,0x00000006c6d9ed38,0x00000006cbf00000)
 Metaspace       used 10541K, capacity 10758K, committed 11008K, reserved 1058816K
  class space    used 1188K, capacity 1260K, committed 1280K, reserved 1048576K
GC Heap History (10 events):
Event: 44.645 GC heap before
{Heap before GC invocations=8 (full 0):
 PSYoungGen      total 121344K, used 120850K [0x000000076b180000, 0x0000000779d80000, 0x00000007c0000000)
  eden space 119296K, 100% used [0x000000076b180000,0x0000000772600000,0x0000000772600000)
  from space 2048K, 75% used [0x0000000777800000,0x0000000777984820,0x0000000777a00000)
  to   space 36352K, 0% used [0x0000000777a00000,0x0000000777a00000,0x0000000779d80000)
 ParOldGen       total 175104K, used 90629K [0x00000006c1400000, 0x00000006cbf00000, 0x000000076b180000)
  object space 175104K, 51% used [0x00000006c1400000,0x00000006c6c81448,0x00000006cbf00000)
 Metaspace       used 10504K, capacity 10694K, committed 10752K, reserved 1058816K
  class space    used 1186K, capacity 1260K, committed 1280K, reserved 1048576K
Event: 44.647 GC heap after
Heap after GC invocations=8 (full 0):
 PSYoungGen      total 116736K, used 762K [0x000000076b180000, 0x0000000777b00000, 0x00000007c0000000)
  eden space 115712K, 0% used [0x000000076b180000,0x000000076b180000,0x0000000772280000)
  from space 1024K, 74% used [0x0000000777a00000,0x0000000777abe810,0x0000000777b00000)
  to   space 38912K, 0% used [0x0000000772f00000,0x0000000772f00000,0x0000000775500000)
 ParOldGen       total 175104K, used 91347K [0x00000006c1400000, 0x00000006cbf00000, 0x000000076b180000)
  object space 175104K, 52% used [0x00000006c1400000,0x00000006c6d34d28,0x00000006cbf00000)
 Metaspace       used 10504K, capacity 10694K, committed 10752K, reserved 1058816K
  class space    used 1186K, capacity 1260K, committed 1280K, reserved 1048576K
}
Event: 50.960 GC heap before
{Heap before GC invocations=9 (full 0):
 PSYoungGen      total 116736K, used 116474K [0x000000076b180000, 0x0000000777b00000, 0x00000007c0000000)
  eden space 115712K, 100% used [0x000000076b180000,0x0000000772280000,0x0000000772280000)
  from space 1024K, 74% used [0x0000000777a00000,0x0000000777abe810,0x0000000777b00000)
  to   space 38912K, 0% used [0x0000000772f00000,0x0000000772f00000,0x0000000775500000)
 ParOldGen       total 175104K, used 91347K [0x00000006c1400000, 0x00000006cbf00000, 0x000000076b180000)
  object space 175104K, 52% used [0x00000006c1400000,0x00000006c6d34d28,0x00000006cbf00000)
 Metaspace       used 10525K, capacity 10758K, committed 11008K, reserved 1058816K
  class space    used 1187K, capacity 1260K, committed 1280K, reserved 1048576K
Event: 50.962 GC heap after
Heap after GC invocations=9 (full 0):
 PSYoungGen      total 113664K, used 1294K [0x000000076b180000, 0x0000000777a80000, 0x00000007c0000000)
  eden space 112128K, 0% used [0x000000076b180000,0x000000076b180000,0x0000000771f00000)
  from space 1536K, 84% used [0x0000000772f00000,0x0000000773043830,0x0000000773080000)
  to   space 39936K, 0% used [0x0000000775380000,0x0000000775380000,0x0000000777a80000)
 ParOldGen       total 175104K, used 91419K [0x00000006c1400000, 0x00000006cbf00000, 0x000000076b180000)
  object space 175104K, 52% used [0x00000006c1400000,0x00000006c6d46d28,0x00000006cbf00000)
 Metaspace       used 10525K, capacity 10758K, committed 11008K, reserved 1058816K
  class space    used 1187K, capacity 1260K, committed 1280K, reserved 1048576K
}
Event: 77.162 GC heap before
{Heap before GC invocations=10 (full 0):
 PSYoungGen      total 113664K, used 113422K [0x000000076b180000, 0x0000000777a80000, 0x00000007c0000000)
  eden space 112128K, 100% used [0x000000076b180000,0x0000000771f00000,0x0000000771f00000)
  from space 1536K, 84% used [0x0000000772f00000,0x0000000773043830,0x0000000773080000)
  to   space 39936K, 0% used [0x0000000775380000,0x0000000775380000,0x0000000777a80000)
 ParOldGen       total 175104K, used 91419K [0x00000006c1400000, 0x00000006cbf00000, 0x000000076b180000)
  object space 175104K, 52% used [0x00000006c1400000,0x00000006c6d46d28,0x00000006cbf00000)
 Metaspace       used 10536K, capacity 10758K, committed 11008K, reserved 1058816K
  class space    used 1187K, capacity 1260K, committed 1280K, reserved 1048576K
Event: 77.164 GC heap after
Heap after GC invocations=10 (full 0):
 PSYoungGen      total 133120K, used 1598K [0x000000076b180000, 0x0000000776b00000, 0x00000007c0000000)
  eden space 109056K, 0% used [0x000000076b180000,0x000000076b180000,0x0000000771c00000)
  from space 24064K, 6% used [0x0000000775380000,0x000000077550f840,0x0000000776b00000)
  to   space 40448K, 0% used [0x0000000771c00000,0x0000000771c00000,0x0000000774380000)
 ParOldGen       total 175104K, used 91467K [0x00000006c1400000, 0x00000006cbf00000, 0x000000076b180000)
  object space 175104K, 52% used [0x00000006c1400000,0x00000006c6d52d28,0x00000006cbf00000)
 Metaspace       used 10536K, capacity 10758K, committed 11008K, reserved 1058816K
  class space    used 1187K, capacity 1260K, committed 1280K, reserved 1048576K
}
Event: 82.869 GC heap before
{Heap before GC invocations=11 (full 0):
 PSYoungGen      total 133120K, used 110654K [0x000000076b180000, 0x0000000776b00000, 0x00000007c0000000)
  eden space 109056K, 100% used [0x000000076b180000,0x0000000771c00000,0x0000000771c00000)
  from space 24064K, 6% used [0x0000000775380000,0x000000077550f840,0x0000000776b00000)
  to   space 40448K, 0% used [0x0000000771c00000,0x0000000771c00000,0x0000000774380000)
 ParOldGen       total 175104K, used 91467K [0x00000006c1400000, 0x00000006cbf00000, 0x000000076b180000)
  object space 175104K, 52% used [0x00000006c1400000,0x00000006c6d52d28,0x00000006cbf00000)
 Metaspace       used 10536K, capacity 10758K, committed 11008K, reserved 1058816K
  class space    used 1187K, capacity 1260K, committed 1280K, reserved 1048576K
Event: 82.871 GC heap after
Heap after GC invocations=11 (full 0):
 PSYoungGen      total 107520K, used 1198K [0x000000076b180000, 0x0000000776800000, 0x00000007c0000000)
  eden space 105984K, 0% used [0x000000076b180000,0x000000076b180000,0x0000000771900000)
  from space 1536K, 77% used [0x0000000771c00000,0x0000000771d2b830,0x0000000771d80000)
  to   space 40448K, 0% used [0x0000000774080000,0x0000000774080000,0x0000000776800000)
 ParOldGen       total 175104K, used 91747K [0x00000006c1400000, 0x00000006cbf00000, 0x000000076b180000)
  object space 175104K, 52% used [0x00000006c1400000,0x00000006c6d98d38,0x00000006cbf00000)
 Metaspace       used 10536K, capacity 10758K, committed 11008K, reserved 1058816K
  class space    used 1187K, capacity 1260K, committed 1280K, reserved 1048576K
}
Event: 93.246 GC heap before
{Heap before GC invocations=12 (full 0):
 PSYoungGen      total 107520K, used 107182K [0x000000076b180000, 0x0000000776800000, 0x00000007c0000000)
  eden space 105984K, 100% used [0x000000076b180000,0x0000000771900000,0x0000000771900000)
  from space 1536K, 77% used [0x0000000771c00000,0x0000000771d2b830,0x0000000771d80000)
  to   space 40448K, 0% used [0x0000000774080000,0x0000000774080000,0x0000000776800000)
 ParOldGen       total 175104K, used 91747K [0x00000006c1400000, 0x00000006cbf00000, 0x000000076b180000)
  object space 175104K, 52% used [0x00000006c1400000,0x00000006c6d98d38,0x00000006cbf00000)
 Metaspace       used 10537K, capacity 10758K, committed 11008K, reserved 1058816K
  class space    used 1187K, capacity 1260K, committed 1280K, reserved 1048576K
Event: 93.248 GC heap after
Heap after GC invocations=12 (full 0):
 PSYoungGen      total 139264K, used 1262K [0x000000076b180000, 0x0000000776400000, 0x00000007c0000000)
  eden space 102912K, 0% used [0x000000076b180000,0x000000076b180000,0x0000000771600000)
  from space 36352K, 3% used [0x0000000774080000,0x00000007741bb830,0x0000000776400000)
  to   space 39936K, 0% used [0x0000000771600000,0x0000000771600000,0x0000000773d00000)
 ParOldGen       total 175104K, used 91771K [0x00000006c1400000, 0x00000006cbf00000, 0x000000076b180000)
  object space 175104K, 52% used [0x00000006c1400000,0x00000006c6d9ed38,0x00000006cbf00000)
 Metaspace       used 10537K, capacity 10758K, committed 11008K, reserved 1058816K
  class space    used 1187K, capacity 1260K, committed 1280K, reserved 1048576K
}

